This file contains any messages produced by compilers while
running configure, to aid debugging if configure makes a mistake.

It was created by ESPRESSO configure 7.4, which was
generated by GNU Autoconf 2.69.  Invocation command line was

  $ ./install/configure --disable-parallel --disable-openmp

## --------- ##
## Platform. ##
## --------- ##

hostname = joseph
uname -m = x86_64
uname -r = 6.14.0-28-generic
uname -s = Linux
uname -v = #28~24.04.1-Ubuntu SMP PREEMPT_DYNAMIC Fri Jul 25 10:47:01 UTC 2

/usr/bin/uname -p = x86_64
/bin/uname -X     = unknown

/bin/arch              = x86_64
/usr/bin/arch -k       = unknown
/usr/convex/getsysinfo = unknown
/usr/bin/hostinfo      = unknown
/bin/machine           = unknown
/usr/bin/oslevel       = unknown
/bin/universe          = unknown

PATH: /home/joseph/vaspkit.1.5.1/bin
PATH: /home/joseph/.local/bin
PATH: /home/joseph/.local/bin
PATH: /home/joseph/bin
PATH: /usr/local/sbin
PATH: /usr/local/bin
PATH: /usr/sbin
PATH: /usr/bin
PATH: /sbin
PATH: /bin
PATH: /usr/games
PATH: /usr/local/games
PATH: /snap/bin
PATH: /snap/bin
PATH: /home/joseph/bin
PATH: /home/joseph/Documents/tutorials/exciting/tools/tutorial_scripts
PATH: /home/joseph/Documents/tutorials/exciting/bin
PATH: /home/joseph/Documents/tutorials/exciting/tools/tutorial_scripts/stm


## ----------- ##
## Core tests. ##
## ----------- ##

configure:2183: checking build system type
configure:2197: result: x86_64-pc-linux-gnu
configure:2221: checking ARCH
configure:2275: result: x86_64
configure:2295: checking setting AR... 
configure:2301: result: ar
configure:2306: checking setting ARFLAGS... 
configure:2312: result: ruv
configure:2394: checking for gfortran
configure:2410: found /usr/bin/gfortran
configure:2421: result: gfortran
configure:2447: checking for Fortran compiler version
configure:2456: gfortran --version >&5
GNU Fortran (Ubuntu 13.3.0-6ubuntu2~24.04) 13.3.0
Copyright (C) 2023 Free Software Foundation, Inc.
This is free software; see the source for copying conditions.  There is NO
warranty; not even for MERCHANTABILITY or FITNESS FOR A PARTICULAR PURPOSE.

configure:2467: $? = 0
configure:2456: gfortran -v >&5
Using built-in specs.
COLLECT_GCC=gfortran
COLLECT_LTO_WRAPPER=/usr/libexec/gcc/x86_64-linux-gnu/13/lto-wrapper
OFFLOAD_TARGET_NAMES=nvptx-none:amdgcn-amdhsa
OFFLOAD_TARGET_DEFAULT=1
Target: x86_64-linux-gnu
Configured with: ../src/configure -v --with-pkgversion='Ubuntu 13.3.0-6ubuntu2~24.04' --with-bugurl=file:///usr/share/doc/gcc-13/README.Bugs --enable-languages=c,ada,c++,go,d,fortran,objc,obj-c++,m2 --prefix=/usr --with-gcc-major-version-only --program-suffix=-13 --program-prefix=x86_64-linux-gnu- --enable-shared --enable-linker-build-id --libexecdir=/usr/libexec --without-included-gettext --enable-threads=posix --libdir=/usr/lib --enable-nls --enable-bootstrap --enable-clocale=gnu --enable-libstdcxx-debug --enable-libstdcxx-time=yes --with-default-libstdcxx-abi=new --enable-libstdcxx-backtrace --enable-gnu-unique-object --disable-vtable-verify --enable-plugin --enable-default-pie --with-system-zlib --enable-libphobos-checking=release --with-target-system-zlib=auto --enable-objc-gc=auto --enable-multiarch --disable-werror --enable-cet --with-arch-32=i686 --with-abi=m64 --with-multilib-list=m32,m64,mx32 --enable-multilib --with-tune=generic --enable-offload-targets=nvptx-none=/build/gcc-13-fG75Ri/gcc-13-13.3.0/debian/tmp-nvptx/usr,amdgcn-amdhsa=/build/gcc-13-fG75Ri/gcc-13-13.3.0/debian/tmp-gcn/usr --enable-offload-defaulted --without-cuda-driver --enable-checking=release --build=x86_64-linux-gnu --host=x86_64-linux-gnu --target=x86_64-linux-gnu --with-build-config=bootstrap-lto-lean --enable-link-serialization=2
Thread model: posix
Supported LTO compression algorithms: zlib zstd
gcc version 13.3.0 (Ubuntu 13.3.0-6ubuntu2~24.04) 
... rest of stderr output deleted ...
configure:2467: $? = 0
configure:2456: gfortran -V >&5
gfortran: error: unrecognized command-line option '-V'
gfortran: fatal error: no input files
compilation terminated.
configure:2467: $? = 1
configure:2456: gfortran -qversion >&5
gfortran: error: unrecognized command-line option '-qversion'; did you mean '--version'?
gfortran: fatal error: no input files
compilation terminated.
configure:2467: $? = 1
configure:2482: checking whether the Fortran compiler works
configure:2504: gfortran    conftest.f  >&5
configure:2508: $? = 0
configure:2556: result: yes
configure:2559: checking for Fortran compiler default output file name
configure:2561: result: a.out
configure:2567: checking for suffix of executables
configure:2574: gfortran -o conftest    conftest.f  >&5
configure:2578: $? = 0
configure:2600: result: 
configure:2616: checking whether we are cross compiling
configure:2624: gfortran -o conftest    conftest.f  >&5
configure:2628: $? = 0
configure:2635: ./conftest
configure:2639: $? = 0
configure:2654: result: no
configure:2659: checking for suffix of object files
configure:2675: gfortran -c   conftest.f >&5
configure:2679: $? = 0
configure:2700: result: o
configure:2708: checking whether we are using the GNU Fortran compiler
configure:2721: gfortran -c   conftest.F >&5
configure:2721: $? = 0
configure:2730: result: yes
configure:2736: checking whether gfortran accepts -g
configure:2747: gfortran -c -g  conftest.f >&5
configure:2747: $? = 0
configure:2755: result: yes
configure:2788: checking for Fortran flag to compile .f90 files
configure:2808: gfortran -c -g -O2  conftest.f90 >&5
configure:2808: $? = 0
configure:2817: result: none
configure:2998: checking for ifx
configure:3028: result: no
configure:2998: checking for ifort
configure:3028: result: no
configure:2998: checking for nvfortran
configure:3028: result: no
configure:2998: checking for pgf90
configure:3028: result: no
configure:2998: checking for nagfor
configure:3028: result: no
configure:2998: checking for gfortran
configure:3014: found /usr/bin/gfortran
configure:3025: result: gfortran
configure:3051: checking for Fortran compiler version
configure:3060: gfortran --version >&5
GNU Fortran (Ubuntu 13.3.0-6ubuntu2~24.04) 13.3.0
Copyright (C) 2023 Free Software Foundation, Inc.
This is free software; see the source for copying conditions.  There is NO
warranty; not even for MERCHANTABILITY or FITNESS FOR A PARTICULAR PURPOSE.

configure:3071: $? = 0
configure:3060: gfortran -v >&5
Using built-in specs.
COLLECT_GCC=gfortran
COLLECT_LTO_WRAPPER=/usr/libexec/gcc/x86_64-linux-gnu/13/lto-wrapper
OFFLOAD_TARGET_NAMES=nvptx-none:amdgcn-amdhsa
OFFLOAD_TARGET_DEFAULT=1
Target: x86_64-linux-gnu
Configured with: ../src/configure -v --with-pkgversion='Ubuntu 13.3.0-6ubuntu2~24.04' --with-bugurl=file:///usr/share/doc/gcc-13/README.Bugs --enable-languages=c,ada,c++,go,d,fortran,objc,obj-c++,m2 --prefix=/usr --with-gcc-major-version-only --program-suffix=-13 --program-prefix=x86_64-linux-gnu- --enable-shared --enable-linker-build-id --libexecdir=/usr/libexec --without-included-gettext --enable-threads=posix --libdir=/usr/lib --enable-nls --enable-bootstrap --enable-clocale=gnu --enable-libstdcxx-debug --enable-libstdcxx-time=yes --with-default-libstdcxx-abi=new --enable-libstdcxx-backtrace --enable-gnu-unique-object --disable-vtable-verify --enable-plugin --enable-default-pie --with-system-zlib --enable-libphobos-checking=release --with-target-system-zlib=auto --enable-objc-gc=auto --enable-multiarch --disable-werror --enable-cet --with-arch-32=i686 --with-abi=m64 --with-multilib-list=m32,m64,mx32 --enable-multilib --with-tune=generic --enable-offload-targets=nvptx-none=/build/gcc-13-fG75Ri/gcc-13-13.3.0/debian/tmp-nvptx/usr,amdgcn-amdhsa=/build/gcc-13-fG75Ri/gcc-13-13.3.0/debian/tmp-gcn/usr --enable-offload-defaulted --without-cuda-driver --enable-checking=release --build=x86_64-linux-gnu --host=x86_64-linux-gnu --target=x86_64-linux-gnu --with-build-config=bootstrap-lto-lean --enable-link-serialization=2
Thread model: posix
Supported LTO compression algorithms: zlib zstd
gcc version 13.3.0 (Ubuntu 13.3.0-6ubuntu2~24.04) 
... rest of stderr output deleted ...
configure:3071: $? = 0
configure:3060: gfortran -V >&5
gfortran: error: unrecognized command-line option '-V'
gfortran: fatal error: no input files
compilation terminated.
configure:3071: $? = 1
configure:3060: gfortran -qversion >&5
gfortran: error: unrecognized command-line option '-qversion'; did you mean '--version'?
gfortran: fatal error: no input files
compilation terminated.
configure:3071: $? = 1
configure:3080: checking whether we are using the GNU Fortran compiler
configure:3093: gfortran -c -g -O2  conftest.F >&5
configure:3093: $? = 0
configure:3102: result: yes
configure:3108: checking whether gfortran accepts -g
configure:3119: gfortran -c -g  conftest.f90 >&5
configure:3119: $? = 0
configure:3127: result: yes
configure:3239: WARNING: parallel and serial compiler are the same
configure:3377: checking for cc
configure:3393: found /usr/bin/cc
configure:3404: result: cc
configure:3435: checking for C compiler version
configure:3444: cc --version >&5
cc (Ubuntu 13.3.0-6ubuntu2~24.04) 13.3.0
Copyright (C) 2023 Free Software Foundation, Inc.
This is free software; see the source for copying conditions.  There is NO
warranty; not even for MERCHANTABILITY or FITNESS FOR A PARTICULAR PURPOSE.

configure:3455: $? = 0
configure:3444: cc -v >&5
Using built-in specs.
COLLECT_GCC=cc
COLLECT_LTO_WRAPPER=/usr/libexec/gcc/x86_64-linux-gnu/13/lto-wrapper
OFFLOAD_TARGET_NAMES=nvptx-none:amdgcn-amdhsa
OFFLOAD_TARGET_DEFAULT=1
Target: x86_64-linux-gnu
Configured with: ../src/configure -v --with-pkgversion='Ubuntu 13.3.0-6ubuntu2~24.04' --with-bugurl=file:///usr/share/doc/gcc-13/README.Bugs --enable-languages=c,ada,c++,go,d,fortran,objc,obj-c++,m2 --prefix=/usr --with-gcc-major-version-only --program-suffix=-13 --program-prefix=x86_64-linux-gnu- --enable-shared --enable-linker-build-id --libexecdir=/usr/libexec --without-included-gettext --enable-threads=posix --libdir=/usr/lib --enable-nls --enable-bootstrap --enable-clocale=gnu --enable-libstdcxx-debug --enable-libstdcxx-time=yes --with-default-libstdcxx-abi=new --enable-libstdcxx-backtrace --enable-gnu-unique-object --disable-vtable-verify --enable-plugin --enable-default-pie --with-system-zlib --enable-libphobos-checking=release --with-target-system-zlib=auto --enable-objc-gc=auto --enable-multiarch --disable-werror --enable-cet --with-arch-32=i686 --with-abi=m64 --with-multilib-list=m32,m64,mx32 --enable-multilib --with-tune=generic --enable-offload-targets=nvptx-none=/build/gcc-13-fG75Ri/gcc-13-13.3.0/debian/tmp-nvptx/usr,amdgcn-amdhsa=/build/gcc-13-fG75Ri/gcc-13-13.3.0/debian/tmp-gcn/usr --enable-offload-defaulted --without-cuda-driver --enable-checking=release --build=x86_64-linux-gnu --host=x86_64-linux-gnu --target=x86_64-linux-gnu --with-build-config=bootstrap-lto-lean --enable-link-serialization=2
Thread model: posix
Supported LTO compression algorithms: zlib zstd
gcc version 13.3.0 (Ubuntu 13.3.0-6ubuntu2~24.04) 
... rest of stderr output deleted ...
configure:3455: $? = 0
configure:3444: cc -V >&5
cc: error: unrecognized command-line option '-V'
cc: fatal error: no input files
compilation terminated.
configure:3455: $? = 1
configure:3444: cc -qversion >&5
cc: error: unrecognized command-line option '-qversion'; did you mean '--version'?
cc: fatal error: no input files
compilation terminated.
configure:3455: $? = 1
configure:3459: checking whether we are using the GNU C compiler
configure:3478: cc -c   conftest.c >&5
configure:3478: $? = 0
configure:3487: result: yes
configure:3496: checking whether cc accepts -g
configure:3516: cc -c -g  conftest.c >&5
configure:3516: $? = 0
configure:3557: result: yes
configure:3574: checking for cc option to accept ISO C89
configure:3637: cc  -c -g -O2  conftest.c >&5
configure:3637: $? = 0
configure:3650: result: none needed
configure:4233: checking whether make sets $(MAKE)
configure:4255: result: yes
configure:4383: checking for library containing dgemm
configure:4401: gfortran -o conftest -g -O2  -g    conftest.f90  >&5
/usr/bin/ld: /tmp/ccoT8nXR.o: in function `main':
/home/joseph/qe-7.4.1/conftest.f90:2:(.text.startup+0x1d): undefined reference to `dgemm_'
collect2: error: ld returned 1 exit status
configure:4401: $? = 1
configure: failed program was:
|       program main
|       call dgemm
|       end
configure:4401: gfortran -o conftest -g -O2  -g    conftest.f90 -lmkl_gf_lp64 -lmkl_sequential -lmkl_core   >&5
/usr/bin/ld: cannot find -lmkl_gf_lp64: No such file or directory
/usr/bin/ld: cannot find -lmkl_sequential: No such file or directory
/usr/bin/ld: cannot find -lmkl_core: No such file or directory
collect2: error: ld returned 1 exit status
configure:4401: $? = 1
configure: failed program was:
|       program main
|       call dgemm
|       end
configure:4418: result: no
configure:4383: checking for library containing dgemm
configure:4401: gfortran -o conftest -g -O2  -g -L/opt/intel/mkl/lib/intel64  conftest.f90  >&5
/usr/bin/ld: /tmp/cczWu7du.o: in function `main':
/home/joseph/qe-7.4.1/conftest.f90:2:(.text.startup+0x1d): undefined reference to `dgemm_'
collect2: error: ld returned 1 exit status
configure:4401: $? = 1
configure: failed program was:
|       program main
|       call dgemm
|       end
configure:4401: gfortran -o conftest -g -O2  -g -L/opt/intel/mkl/lib/intel64  conftest.f90 -lmkl_gf_lp64 -lmkl_sequential -lmkl_core   >&5
/usr/bin/ld: cannot find -lmkl_gf_lp64: No such file or directory
/usr/bin/ld: cannot find -lmkl_sequential: No such file or directory
/usr/bin/ld: cannot find -lmkl_core: No such file or directory
collect2: error: ld returned 1 exit status
configure:4401: $? = 1
configure: failed program was:
|       program main
|       call dgemm
|       end
configure:4418: result: no
configure:5034: checking for library containing dgemm
configure:5052: gfortran -o conftest -g -O2 -g   conftest.f90 -latlas >&5
/usr/bin/ld: cannot find -latlas: No such file or directory
collect2: error: ld returned 1 exit status
configure:5052: $? = 1
configure: failed program was:
|       program main
|       call dgemm
|       end
configure:5052: gfortran -o conftest -g -O2 -g   conftest.f90 -lf77blas -lg2c -latlas >&5
/usr/bin/ld: cannot find -lf77blas: No such file or directory
/usr/bin/ld: cannot find -lg2c: No such file or directory
/usr/bin/ld: cannot find -latlas: No such file or directory
collect2: error: ld returned 1 exit status
configure:5052: $? = 1
configure: failed program was:
|       program main
|       call dgemm
|       end
configure:5069: result: no
configure:5034: checking for library containing dgemm
configure:5052: gfortran -o conftest -g -O2 -g -L/usr/local/lib  conftest.f90 -latlas >&5
/usr/bin/ld: cannot find -latlas: No such file or directory
collect2: error: ld returned 1 exit status
configure:5052: $? = 1
configure: failed program was:
|       program main
|       call dgemm
|       end
configure:5052: gfortran -o conftest -g -O2 -g -L/usr/local/lib  conftest.f90 -lf77blas -lg2c -latlas >&5
/usr/bin/ld: cannot find -lf77blas: No such file or directory
/usr/bin/ld: cannot find -lg2c: No such file or directory
/usr/bin/ld: cannot find -latlas: No such file or directory
collect2: error: ld returned 1 exit status
configure:5052: $? = 1
configure: failed program was:
|       program main
|       call dgemm
|       end
configure:5069: result: no
configure:5101: checking for library containing dgemm
configure:5119: gfortran -o conftest -g -O2 -g   conftest.f90  >&5
/usr/bin/ld: /tmp/ccjVSpu6.o: in function `main':
/home/joseph/qe-7.4.1/conftest.f90:2:(.text.startup+0x1d): undefined reference to `dgemm_'
collect2: error: ld returned 1 exit status
configure:5119: $? = 1
configure: failed program was:
|       program main
|       call dgemm
|       end
configure:5119: gfortran -o conftest -g -O2 -g   conftest.f90 -lblas-3   >&5
/usr/bin/ld: cannot find -lblas-3: No such file or directory
collect2: error: ld returned 1 exit status
configure:5119: $? = 1
configure: failed program was:
|       program main
|       call dgemm
|       end
configure:5119: gfortran -o conftest -g -O2 -g   conftest.f90 -lopenblas   >&5
/usr/bin/ld: cannot find -lopenblas: No such file or directory
collect2: error: ld returned 1 exit status
configure:5119: $? = 1
configure: failed program was:
|       program main
|       call dgemm
|       end
configure:5119: gfortran -o conftest -g -O2 -g   conftest.f90 -lblas   >&5
configure:5119: $? = 0
configure:5136: result: -lblas
configure:5273: checking for library containing dspev
configure:5291: gfortran -o conftest -g -O2 -g   conftest.f90  -lblas  >&5
/usr/bin/ld: /tmp/ccTNTXpj.o: in function `main':
/home/joseph/qe-7.4.1/conftest.f90:2:(.text.startup+0x1d): undefined reference to `dspev_'
collect2: error: ld returned 1 exit status
configure:5291: $? = 1
configure: failed program was:
|       program main
|       call dspev
|       end
configure:5291: gfortran -o conftest -g -O2 -g   conftest.f90 -llapack-3   -lblas  >&5
/usr/bin/ld: cannot find -llapack-3: No such file or directory
collect2: error: ld returned 1 exit status
configure:5291: $? = 1
configure: failed program was:
|       program main
|       call dspev
|       end
configure:5291: gfortran -o conftest -g -O2 -g   conftest.f90 -llapack   -lblas  >&5
configure:5291: $? = 0
configure:5308: result: -llapack
configure:5273: checking for library containing dspev
configure:5291: gfortran -o conftest -g -O2 -g -L/usr/local/lib  conftest.f90  -lblas  >&5
/usr/bin/ld: /tmp/ccvlvaaN.o: in function `main':
/home/joseph/qe-7.4.1/conftest.f90:2:(.text.startup+0x1d): undefined reference to `dspev_'
collect2: error: ld returned 1 exit status
configure:5291: $? = 1
configure: failed program was:
|       program main
|       call dspev
|       end
configure:5291: gfortran -o conftest -g -O2 -g -L/usr/local/lib  conftest.f90 -llapack-3   -lblas  >&5
/usr/bin/ld: cannot find -llapack-3: No such file or directory
collect2: error: ld returned 1 exit status
configure:5291: $? = 1
configure: failed program was:
|       program main
|       call dspev
|       end
configure:5291: gfortran -o conftest -g -O2 -g -L/usr/local/lib  conftest.f90 -llapack   -lblas  >&5
configure:5291: $? = 0
configure:5308: result: -llapack
configure:5355: checking FFT
configure:5661: checking for library containing dfftw_execute_dft
configure:5679: gfortran -o conftest -g -O2  -g   conftest.f90  >&5
/usr/bin/ld: /tmp/cccPGiCA.o: in function `main':
/home/joseph/qe-7.4.1/conftest.f90:2:(.text.startup+0x1d): undefined reference to `dfftw_execute_dft_'
collect2: error: ld returned 1 exit status
configure:5679: $? = 1
configure: failed program was:
|       program main
|       call dfftw_execute_dft
|       end
configure:5679: gfortran -o conftest -g -O2  -g   conftest.f90 -lfftw3 -lm  >&5
configure:5679: $? = 0
configure:5696: result: -lfftw3
configure:5759: result:  -lfftw3 
configure:5955: checking MASS
configure:6192: result: 
configure:6698: checking ELPA
configure:6774: result: 
configure:7281: checking for Environ
configure:7307: result: not used
configure:7327: result: checking if legacy plugins are enabled ...  no
configure:7385: checking for ranlib
configure:7401: found /usr/bin/ranlib
configure:7413: result: ranlib
configure:7439: checking for wget
configure:7455: found /usr/bin/wget
configure:7466: result: wget -O
configure:7525: checking for git
configure:7541: found /usr/bin/git
configure:7552: result: git
configure:7759: creating ./config.status

## ---------------------- ##
## Running config.status. ##
## ---------------------- ##

This file was extended by ESPRESSO config.status 7.4, which was
generated by GNU Autoconf 2.69.  Invocation command line was

  CONFIG_FILES    = 
  CONFIG_HEADERS  = 
  CONFIG_LINKS    = 
  CONFIG_COMMANDS = 
  $ ./config.status 

on joseph

config.status:792: creating install/make_lapack.inc
config.status:792: creating include/configure.h
config.status:792: creating make.inc
config.status:792: creating configure.msg
config.status:792: creating install/make_wannier90.inc

## ---------------- ##
## Cache variables. ##
## ---------------- ##

ac_cv_build=x86_64-pc-linux-gnu
ac_cv_c_compiler_gnu=yes
ac_cv_env_CC_set=
ac_cv_env_CC_value=
ac_cv_env_CFLAGS_set=
ac_cv_env_CFLAGS_value=
ac_cv_env_CPPFLAGS_set=
ac_cv_env_CPPFLAGS_value=
ac_cv_env_EXTLIB_FLAGS_set=
ac_cv_env_EXTLIB_FLAGS_value=
ac_cv_env_FCFLAGS_set=
ac_cv_env_FCFLAGS_value=
ac_cv_env_FC_set=
ac_cv_env_FC_value=
ac_cv_env_LDFLAGS_set=
ac_cv_env_LDFLAGS_value=
ac_cv_env_LIBS_set=
ac_cv_env_LIBS_value=
ac_cv_env_build_alias_set=
ac_cv_env_build_alias_value=
ac_cv_env_host_alias_set=
ac_cv_env_host_alias_value=
ac_cv_env_target_alias_set=
ac_cv_env_target_alias_value=
ac_cv_fc_compiler_gnu=yes
ac_cv_fc_srcext_f90=none
ac_cv_objext=o
ac_cv_prog_ac_ct_CC=cc
ac_cv_prog_ac_ct_FC=gfortran
ac_cv_prog_cc_c89=
ac_cv_prog_cc_g=yes
ac_cv_prog_fc_g=yes
ac_cv_prog_git=git
ac_cv_prog_make_make_set=yes
ac_cv_prog_ranlib=ranlib
ac_cv_prog_wget='wget -O'
ac_cv_search_dfftw_execute_dft=-lfftw3
ac_cv_search_dgemm=-lblas
ac_cv_search_dspev=-llapack

## ----------------- ##
## Output variables. ##
## ----------------- ##

CC='cc'
CFLAGS='-O3'
CPPFLAGS='-O3'
DEFS='-DPACKAGE_NAME=\"ESPRESSO\" -DPACKAGE_TARNAME=\"espresso\" -DPACKAGE_VERSION=\"7.4\" -DPACKAGE_STRING=\"ESPRESSO\ 7.4\" -DPACKAGE_BUGREPORT=\"\" -DPACKAGE_URL=\"\"'
ECHO_C=''
ECHO_N='-n'
ECHO_T=''
EXEEXT=''
EXTLIB_FLAGS=''
FC='gfortran'
FCFLAGS='-g -O2'
FCFLAGS_f90=''
LDFLAGS=' -g '
LIBOBJS=''
LIBS='-lfftw3 '
LIBS_LIBXC=''
LTLIBOBJS=''
OBJEXT='o'
PACKAGE_BUGREPORT=''
PACKAGE_NAME='ESPRESSO'
PACKAGE_STRING='ESPRESSO 7.4'
PACKAGE_TARNAME='espresso'
PACKAGE_URL=''
PACKAGE_VERSION='7.4'
PATH_SEPARATOR=':'
SET_MAKE=''
SHELL='/bin/bash'
ac_ct_CC='cc'
ac_ct_FC='gfortran'
ar='ar'
arch='x86_64'
arflags='ruv'
bindir='${exec_prefix}/bin'
blas_libs=' -lblas '
blas_line='BLAS_LIBS= -lblas '
build='x86_64-pc-linux-gnu'
build_alias=''
build_cpu='x86_64'
build_os='linux-gnu'
build_vendor='pc'
cc='cc'
cflags='-O3'
cpp='cpp'
cppflags='-P -traditional -Uvector'
cuda_cflags=''
cuda_extlibs='devxlib'
cuda_fflags=''
cuda_libs=''
cuda_runtime=''
datadir='${datarootdir}'
datarootdir='${prefix}/share'
dflags=' -D__FFTW3'
docdir='${datarootdir}/doc/${PACKAGE_TARNAME}'
dvidir='${docdir}'
elpa_libs=''
elpa_line='@delete@'
environ_libs=''
exec_prefix='${prefix}'
extfox=''
extlib_flags=''
f90='gfortran'
f90flags='$(FFLAGS) -cpp'
f90rule='$(MPIF90) $(F90FLAGS) -c $< -o $(@)'
fdflags='$(DFLAGS) $(MANUAL_DFLAGS)'
fflags='-O3 -g -fallow-argument-mismatch'
fflags_nomain=''
fflags_noopt='-O0 -g'
fft_libs=' -lfftw3 '
fft_line='FFT_LIBS= -lfftw3 '
foxflags=''
foxlibs=''
foxmods=''
git='git'
gpu_arch=''
hdf5_libs=''
hdf5_line=''
host_alias=''
htmldir='${docdir}'
iflags='-I. -I$(TOPDIR)/include'
imod='-I'
includedir='${prefix}/include'
infodir='${datarootdir}/info'
lapack_libs='-L/usr/local/lib -llapack  -lblas '
lapack_line='LAPACK_LIBS=-L/usr/local/lib -llapack  -lblas '
lapack_target=''
ld='gfortran'
ld_libs=''
ldflags='-g'
libdir='${exec_prefix}/lib'
libexecdir='${exec_prefix}/libexec'
libxc_line=''
localedir='${datarootdir}/locale'
localstatedir='${prefix}/var'
mandir='${datarootdir}/man'
mass_libs=''
mass_line='@delete@'
mpi_libs=''
mpi_line='@delete@'
mpif90='gfortran'
oldincludedir='/usr/include'
parallel_report='Configured for compilation of serial executables.'
pdfdir='${docdir}'
pre_fdflags=''
prefix='/usr/local'
program_transform_name='s,x,x,'
psdir='${docdir}'
ranlib='ranlib'
runstatedir='${localstatedir}/run'
sbindir='${exec_prefix}/sbin'
scalapack_libs=''
scalapack_line='@delete@'
sharedstatedir='${prefix}/com'
sysconfdir='${prefix}/etc'
target_alias=''
topdir='/home/joseph/qe-7.4.1'
wget='wget -O'

## ----------- ##
## confdefs.h. ##
## ----------- ##

/* confdefs.h */
#define PACKAGE_NAME "ESPRESSO"
#define PACKAGE_TARNAME "espresso"
#define PACKAGE_VERSION "7.4"
#define PACKAGE_STRING "ESPRESSO 7.4"
#define PACKAGE_BUGREPORT ""
#define PACKAGE_URL ""

configure: exit 0
